<?xml version="1.0" encoding="UTF-8"?>
<testsuite name="example.micronaut.AcceptanceSpec" tests="1" skipped="0" failures="0" errors="0" timestamp="2021-04-28T00:43:52" hostname="Macs-MacBook.local" time="3.166">
  <properties/>
  <testcase name="verifies three microservices collaborate together" classname="example.micronaut.AcceptanceSpec" time="3.166"/>
  <system-out><![CDATA[]]></system-out>
  <system-err><![CDATA[]]></system-err>
</testsuite>
